2020-05-06 12:54:08,606 INFO  [org.jboss.modules] (main) JBoss Modules version 1.5.2.Final
2020-05-06 12:54:12,192 INFO  [org.jboss.as.cli.CommandContext] (main) {"outcome" => "success"}
2020-05-06 12:54:12,251 INFO  [org.jboss.as.cli.CommandContext] (main) {"outcome" => "success"}
2020-05-06 12:54:12,301 INFO  [org.jboss.as.cli.CommandContext] (main) {"outcome" => "success"}
2020-05-06 12:54:12,348 INFO  [org.jboss.as.cli.CommandContext] (main) {"outcome" => "success"}
2020-05-06 12:54:12,394 INFO  [org.jboss.as.cli.CommandContext] (main) {"outcome" => "success"}
2020-05-06 12:54:17,380 INFO  [org.jboss.modules] (main) JBoss Modules version 1.5.2.Final
2020-05-06 12:54:17,777 INFO  [org.jboss.msc] (main) JBoss MSC version 1.2.6.Final
2020-05-06 12:54:17,863 INFO  [org.jboss.as] (MSC service thread 1-7) WFLYSRV0049: WildFly Full 10.1.0.Final (WildFly Core 2.2.0.Final) starting
2020-05-06 12:54:17,872 DEBUG [org.jboss.as.config] (MSC service thread 1-7) Configured system properties:
	[Standalone] = 
	awt.toolkit = sun.awt.windows.WToolkit
	file.encoding = Cp1252
	file.encoding.pkg = sun.io
	file.separator = \
	java.awt.graphicsenv = sun.awt.Win32GraphicsEnvironment
	java.awt.printerjob = sun.awt.windows.WPrinterJob
	java.class.path = C:\Users\sukann\Assignment\target\cargo\installs\wildfly-10.1.0.Final\wildfly-10.1.0.Final\jboss-modules.jar
	java.class.version = 52.0
	java.endorsed.dirs = C:\Program Files\Java\jdk1.8.0_241\jre\lib\endorsed
	java.ext.dirs = C:\Program Files\Java\jdk1.8.0_241\jre\lib\ext;C:\WINDOWS\Sun\Java\lib\ext
	java.home = C:\Program Files\Java\jdk1.8.0_241\jre
	java.io.tmpdir = C:\Users\sukann\AppData\Local\Temp\
	java.library.path = C:\Program Files\Java\jdk1.8.0_241\jre\bin;C:\WINDOWS\Sun\Java\bin;C:\WINDOWS\system32;C:\WINDOWS;C:\Program Files (x86)\Common Files\Oracle\Java\javapath;C:\WINDOWS\system32;C:\WINDOWS;C:\WINDOWS\System32\Wbem;C:\WINDOWS\System32\WindowsPowerShell\v1.0\;C:\WINDOWS\System32\OpenSSH\;C:\Program Files\Java\jdk1.8.0_241\bin;C:\Users\sukann\Downloads\apachemaven3.6.3bin\apachemaven3.6.3\bin;C:\Program Files\Java\jdk1.8.0_241\bin;C:\Program Files\Java\jdk1.8.0_241\jre\bin;C:\Users\sukann\AppData\Local\Microsoft\WindowsApps;;.
	java.runtime.name = Java(TM) SE Runtime Environment
	java.runtime.version = 1.8.0_241-b07
	java.specification.name = Java Platform API Specification
	java.specification.vendor = Oracle Corporation
	java.specification.version = 1.8
	java.util.logging.manager = org.jboss.logmanager.LogManager
	java.vendor = Oracle Corporation
	java.vendor.url = http://java.oracle.com/
	java.vendor.url.bug = http://bugreport.sun.com/bugreport/
	java.version = 1.8.0_241
	java.vm.info = mixed mode
	java.vm.name = Java HotSpot(TM) 64-Bit Server VM
	java.vm.specification.name = Java Virtual Machine Specification
	java.vm.specification.vendor = Oracle Corporation
	java.vm.specification.version = 1.8
	java.vm.vendor = Oracle Corporation
	java.vm.version = 25.241-b07
	javax.management.builder.initial = org.jboss.as.jmx.PluggableMBeanServerBuilder
	javax.xml.datatype.DatatypeFactory = __redirected.__DatatypeFactory
	javax.xml.parsers.DocumentBuilderFactory = __redirected.__DocumentBuilderFactory
	javax.xml.parsers.SAXParserFactory = __redirected.__SAXParserFactory
	javax.xml.stream.XMLEventFactory = __redirected.__XMLEventFactory
	javax.xml.stream.XMLInputFactory = __redirected.__XMLInputFactory
	javax.xml.stream.XMLOutputFactory = __redirected.__XMLOutputFactory
	javax.xml.transform.TransformerFactory = __redirected.__TransformerFactory
	javax.xml.validation.SchemaFactory:http://www.w3.org/2001/XMLSchema = __redirected.__SchemaFactory
	javax.xml.xpath.XPathFactory:http://java.sun.com/jaxp/xpath/dom = __redirected.__XPathFactory
	jboss.bind.address = 127.0.0.1
	jboss.home.dir = C:\Users\sukann\Assignment\target\cargo\installs\wildfly-10.1.0.Final\wildfly-10.1.0.Final
	jboss.host.name = lbnl702240
	jboss.modules.dir = C:\Users\sukann\Assignment\target\cargo\installs\wildfly-10.1.0.Final\wildfly-10.1.0.Final\modules
	jboss.node.name = lbnl702240
	jboss.qualified.host.name = lbnl702240
	jboss.server.base.dir = C:\Users\sukann\Assignment\target\cargo\configurations\wildfly10x
	jboss.server.config.dir = C:\Users\sukann\Assignment\target\cargo\configurations\wildfly10x\configuration
	jboss.server.data.dir = C:\Users\sukann\Assignment\target\cargo\configurations\wildfly10x\data
	jboss.server.deploy.dir = C:\Users\sukann\Assignment\target\cargo\configurations\wildfly10x\content
	jboss.server.log.dir = C:\Users\sukann\Assignment\target\cargo\configurations\wildfly10x\log
	jboss.server.name = lbnl702240
	jboss.server.persist.config = true
	jboss.server.temp.dir = C:\Users\sukann\Assignment\target\cargo\configurations\wildfly10x\tmp
	line.separator = 

	logging.configuration = file:/C:/Users/sukann/Assignment/target/cargo/configurations/wildfly10x/configuration/logging.properties
	module.path = C:\Users\sukann\Assignment\target\cargo\installs\wildfly-10.1.0.Final\wildfly-10.1.0.Final\modules
	org.jboss.boot.log.file = C:\Users\sukann\Assignment\target\cargo\configurations\wildfly10x/log/boot.log
	org.jboss.resolver.warning = true
	org.xml.sax.driver = __redirected.__XMLReaderFactory
	os.arch = amd64
	os.name = Windows 10
	os.version = 10.0
	path.separator = ;
	sun.arch.data.model = 64
	sun.boot.class.path = C:\Program Files\Java\jdk1.8.0_241\jre\lib\resources.jar;C:\Program Files\Java\jdk1.8.0_241\jre\lib\rt.jar;C:\Program Files\Java\jdk1.8.0_241\jre\lib\sunrsasign.jar;C:\Program Files\Java\jdk1.8.0_241\jre\lib\jsse.jar;C:\Program Files\Java\jdk1.8.0_241\jre\lib\jce.jar;C:\Program Files\Java\jdk1.8.0_241\jre\lib\charsets.jar;C:\Program Files\Java\jdk1.8.0_241\jre\lib\jfr.jar;C:\Program Files\Java\jdk1.8.0_241\jre\classes
	sun.boot.library.path = C:\Program Files\Java\jdk1.8.0_241\jre\bin
	sun.cpu.endian = little
	sun.cpu.isalist = amd64
	sun.desktop = windows
	sun.io.unicode.encoding = UnicodeLittle
	sun.java.command = C:\Users\sukann\Assignment\target\cargo\installs\wildfly-10.1.0.Final\wildfly-10.1.0.Final\jboss-modules.jar -mp C:\Users\sukann\Assignment\target\cargo\installs\wildfly-10.1.0.Final\wildfly-10.1.0.Final\modules org.jboss.as.standalone --server-config=standalone-full.xml
	sun.java.launcher = SUN_STANDARD
	sun.jnu.encoding = Cp1252
	sun.management.compiler = HotSpot 64-Bit Tiered Compilers
	sun.os.patch.level = 
	user.country = US
	user.country.format = NL
	user.dir = C:\Users\sukann\Assignment\target\cargo\configurations\wildfly10x
	user.home = C:\Users\sukann
	user.language = en
	user.language.format = nl
	user.name = sukann
	user.script = 
	user.timezone = Europe/Berlin
	user.variant = 
2020-05-06 12:54:17,873 DEBUG [org.jboss.as.config] (MSC service thread 1-7) VM Arguments: -Xms128m -Xmx512m -D[Standalone] -Dorg.jboss.boot.log.file=C:\Users\sukann\Assignment\target\cargo\configurations\wildfly10x/log/boot.log -Dlogging.configuration=file:/C:/Users/sukann/Assignment/target/cargo/configurations/wildfly10x/configuration/logging.properties -Djboss.home.dir=C:\Users\sukann\Assignment\target\cargo\installs\wildfly-10.1.0.Final\wildfly-10.1.0.Final -Djboss.server.base.dir=C:\Users\sukann\Assignment\target\cargo\configurations\wildfly10x -Djboss.server.config.dir=C:\Users\sukann\Assignment\target\cargo\configurations\wildfly10x\configuration -Djboss.server.data.dir=C:\Users\sukann\Assignment\target\cargo\configurations\wildfly10x\data -Djboss.server.log.dir=C:\Users\sukann\Assignment\target\cargo\configurations\wildfly10x\log -Djboss.server.temp.dir=C:\Users\sukann\Assignment\target\cargo\configurations\wildfly10x\tmp -Djboss.server.deploy.dir=C:\Users\sukann\Assignment\target\cargo\configurations\wildfly10x\content -Djboss.bind.address=127.0.0.1 
2020-05-06 12:54:21,757 INFO  [org.jboss.as.repository] (ServerService Thread Pool -- 13) WFLYDR0001: Content added at location C:\Users\sukann\Assignment\target\cargo\configurations\wildfly10x\content\ed\d48543b1fb22f99e64fd6d75c53388d0393501\content
2020-05-06 12:54:21,777 INFO  [org.jboss.as.server] (Controller Boot Thread) WFLYSRV0039: Creating http management service using socket-binding (management-http)
2020-05-06 12:54:21,825 INFO  [org.xnio] (MSC service thread 1-3) XNIO version 3.4.0.Final
2020-05-06 12:54:21,848 INFO  [org.xnio.nio] (MSC service thread 1-3) XNIO NIO Implementation Version 3.4.0.Final
