2020-05-06 12:54:21,918 WARN  [org.jboss.as.txn] (ServerService Thread Pool -- 60) WFLYTX0013: Node identifier property is set to the default value. Please make sure it is unique.
2020-05-06 12:54:21,933 INFO  [org.jboss.as.webservices] (ServerService Thread Pool -- 62) WFLYWS0002: Activating WebServices Extension
2020-05-06 12:54:22,041 INFO  [org.jboss.as.security] (ServerService Thread Pool -- 59) WFLYSEC0002: Activating Security Subsystem
2020-05-06 12:54:22,041 INFO  [org.jboss.as.clustering.infinispan] (ServerService Thread Pool -- 41) WFLYCLINF0001: Activating Infinispan subsystem.
2020-05-06 12:54:22,055 INFO  [org.wildfly.iiop.openjdk] (ServerService Thread Pool -- 42) WFLYIIOP0001: Activating IIOP Subsystem
2020-05-06 12:54:22,067 INFO  [org.jboss.as.naming] (ServerService Thread Pool -- 52) WFLYNAM0001: Activating Naming Subsystem
2020-05-06 12:54:22,068 INFO  [org.jboss.as.jsf] (ServerService Thread Pool -- 48) WFLYJSF0007: Activated the following JSF Implementations: [main]
2020-05-06 12:54:22,088 INFO  [org.wildfly.extension.io] (ServerService Thread Pool -- 40) WFLYIO001: Worker 'default' has auto-configured to 16 core threads with 128 task threads based on your 8 available processors
2020-05-06 12:54:22,110 INFO  [org.jboss.as.security] (MSC service thread 1-8) WFLYSEC0001: Current PicketBox version=4.9.6.Final
2020-05-06 12:54:22,225 INFO  [org.jboss.as.connector.subsystems.datasources] (ServerService Thread Pool -- 36) WFLYJCA0004: Deploying JDBC-compliant driver class org.h2.Driver (version 1.3)
2020-05-06 12:54:22,266 INFO  [org.jboss.as.connector] (MSC service thread 1-7) WFLYJCA0009: Starting JCA Subsystem (WildFly/IronJacamar 1.3.4.Final)
2020-05-06 12:54:22,280 INFO  [org.wildfly.extension.undertow] (MSC service thread 1-2) WFLYUT0003: Undertow 1.4.0.Final starting
2020-05-06 12:54:22,345 INFO  [org.jboss.as.connector.deployers.jdbc] (MSC service thread 1-8) WFLYJCA0018: Started Driver service with driver-name = h2
2020-05-06 12:54:22,347 INFO  [org.jboss.as.mail.extension] (MSC service thread 1-2) WFLYMAIL0001: Bound mail session [java:jboss/mail/Default]
2020-05-06 12:54:22,348 INFO  [org.jboss.as.naming] (MSC service thread 1-2) WFLYNAM0003: Starting Naming Service
2020-05-06 12:54:22,662 INFO  [org.jboss.remoting] (MSC service thread 1-4) JBoss Remoting version 4.0.21.Final
2020-05-06 12:54:22,820 INFO  [org.jboss.as.ejb3] (MSC service thread 1-3) WFLYEJB0482: Strict pool mdb-strict-max-pool is using a max instance size of 32 (per class), which is derived from the number of CPUs on this host.
2020-05-06 12:54:22,822 INFO  [org.jboss.as.ejb3] (MSC service thread 1-4) WFLYEJB0481: Strict pool slsb-strict-max-pool is using a max instance size of 128 (per class), which is derived from thread worker pool sizing.
2020-05-06 12:54:22,841 INFO  [org.wildfly.extension.undertow] (ServerService Thread Pool -- 61) WFLYUT0014: Creating file handler for path 'C:\Users\sukann\Assignment\target\cargo\installs\wildfly-10.1.0.Final\wildfly-10.1.0.Final/welcome-content' with options [directory-listing: 'false', follow-symlink: 'false', case-sensitive: 'true', safe-symlink-paths: '[]']
2020-05-06 12:54:22,862 INFO  [org.wildfly.extension.undertow] (MSC service thread 1-4) WFLYUT0012: Started server default-server.
2020-05-06 12:54:22,863 INFO  [org.wildfly.extension.undertow] (MSC service thread 1-4) WFLYUT0018: Host default-host starting
2020-05-06 12:54:23,053 INFO  [org.wildfly.extension.undertow] (MSC service thread 1-7) WFLYUT0006: Undertow HTTP listener default listening on 127.0.0.1:8082
2020-05-06 12:54:23,343 INFO  [org.jboss.as.connector.subsystems.datasources] (MSC service thread 1-8) WFLYJCA0001: Bound data source [java:jboss/datasources/ExampleDS]
2020-05-06 12:54:23,440 INFO  [org.wildfly.extension.messaging-activemq] (MSC service thread 1-6) WFLYMSGAMQ0001: AIO wasn't located on this platform, it will fall back to using pure Java NIO.
2020-05-06 12:54:23,471 WARN  [org.jboss.as.domain.management.security] (MSC service thread 1-5) WFLYDM0111: Keystore C:\Users\sukann\Assignment\target\cargo\configurations\wildfly10x\configuration\application.keystore not found, it will be auto generated on first use with a self signed certificate for host localhost
2020-05-06 12:54:23,519 INFO  [org.jboss.as.server.deployment.scanner] (MSC service thread 1-8) WFLYDS0013: Started FileSystemDeploymentService for directory C:\Users\sukann\Assignment\target\cargo\configurations\wildfly10x\deployments
2020-05-06 12:54:23,574 INFO  [org.jboss.as.server.deployment] (MSC service thread 1-8) WFLYSRV0027: Starting deployment of "cargocpc.war" (runtime-name: "cargocpc.war")
2020-05-06 12:54:23,735 INFO  [org.apache.activemq.artemis.core.server] (ServerService Thread Pool -- 64) AMQ221000: live Message Broker is starting with configuration Broker Configuration (clustered=false,journalDirectory=C:\Users\sukann\Assignment\target\cargo\configurations\wildfly10x\data\activemq\journal,bindingsDirectory=C:\Users\sukann\Assignment\target\cargo\configurations\wildfly10x\data\activemq\bindings,largeMessagesDirectory=C:\Users\sukann\Assignment\target\cargo\configurations\wildfly10x\data\activemq\largemessages,pagingDirectory=C:\Users\sukann\Assignment\target\cargo\configurations\wildfly10x\data\activemq\paging)
2020-05-06 12:54:23,811 INFO  [org.apache.activemq.artemis.core.server] (ServerService Thread Pool -- 64) AMQ221013: Using NIO Journal
2020-05-06 12:54:24,128 INFO  [org.infinispan.factories.GlobalComponentRegistry] (MSC service thread 1-7) ISPN000128: Infinispan version: Infinispan 'Chakra' 8.2.4.Final
2020-05-06 12:54:24,538 INFO  [org.infinispan.configuration.cache.EvictionConfigurationBuilder] (ServerService Thread Pool -- 69) ISPN000152: Passivation configured without an eviction policy being selected. Only manually evicted entities will be passivated.
2020-05-06 12:54:24,539 INFO  [org.infinispan.configuration.cache.EvictionConfigurationBuilder] (ServerService Thread Pool -- 66) ISPN000152: Passivation configured without an eviction policy being selected. Only manually evicted entities will be passivated.
2020-05-06 12:54:24,541 INFO  [org.infinispan.configuration.cache.EvictionConfigurationBuilder] (ServerService Thread Pool -- 66) ISPN000152: Passivation configured without an eviction policy being selected. Only manually evicted entities will be passivated.
2020-05-06 12:54:24,544 INFO  [org.infinispan.configuration.cache.EvictionConfigurationBuilder] (ServerService Thread Pool -- 69) ISPN000152: Passivation configured without an eviction policy being selected. Only manually evicted entities will be passivated.
2020-05-06 12:54:24,544 INFO  [org.infinispan.configuration.cache.EvictionConfigurationBuilder] (ServerService Thread Pool -- 68) ISPN000152: Passivation configured without an eviction policy being selected. Only manually evicted entities will be passivated.
2020-05-06 12:54:24,545 INFO  [org.infinispan.configuration.cache.EvictionConfigurationBuilder] (ServerService Thread Pool -- 68) ISPN000152: Passivation configured without an eviction policy being selected. Only manually evicted entities will be passivated.
2020-05-06 12:54:24,763 INFO  [org.apache.activemq.artemis.core.server] (ServerService Thread Pool -- 64) AMQ221043: Protocol module found: [artemis-server]. Adding protocol support for: CORE
2020-05-06 12:54:24,831 INFO  [org.apache.activemq.artemis.core.server] (ServerService Thread Pool -- 64) AMQ221043: Protocol module found: [artemis-amqp-protocol]. Adding protocol support for: AMQP
2020-05-06 12:54:24,870 INFO  [org.apache.activemq.artemis.core.server] (ServerService Thread Pool -- 64) AMQ221043: Protocol module found: [artemis-hornetq-protocol]. Adding protocol support for: HORNETQ
2020-05-06 12:54:24,887 INFO  [org.apache.activemq.artemis.core.server] (ServerService Thread Pool -- 64) AMQ221043: Protocol module found: [artemis-stomp-protocol]. Adding protocol support for: STOMP
2020-05-06 12:54:24,928 INFO  [org.wildfly.iiop.openjdk] (MSC service thread 1-2) WFLYIIOP0009: CORBA ORB Service started
2020-05-06 12:54:25,515 INFO  [org.wildfly.extension.messaging-activemq] (MSC service thread 1-4) WFLYMSGAMQ0016: Registered HTTP upgrade for activemq-remoting protocol handled by http-acceptor acceptor
2020-05-06 12:54:25,516 INFO  [org.wildfly.extension.messaging-activemq] (MSC service thread 1-3) WFLYMSGAMQ0016: Registered HTTP upgrade for activemq-remoting protocol handled by http-acceptor acceptor
2020-05-06 12:54:25,516 INFO  [org.wildfly.extension.messaging-activemq] (MSC service thread 1-5) WFLYMSGAMQ0016: Registered HTTP upgrade for activemq-remoting protocol handled by http-acceptor-throughput acceptor
2020-05-06 12:54:25,513 INFO  [org.wildfly.extension.messaging-activemq] (MSC service thread 1-2) WFLYMSGAMQ0016: Registered HTTP upgrade for activemq-remoting protocol handled by http-acceptor-throughput acceptor
2020-05-06 12:54:25,924 INFO  [org.wildfly.extension.undertow] (MSC service thread 1-6) WFLYUT0006: Undertow HTTPS listener https listening on 127.0.0.1:8443
2020-05-06 12:54:25,965 INFO  [org.apache.activemq.artemis.core.server] (ServerService Thread Pool -- 64) AMQ221007: Server is now live
2020-05-06 12:54:25,965 INFO  [org.apache.activemq.artemis.core.server] (ServerService Thread Pool -- 64) AMQ221001: Apache ActiveMQ Artemis Message Broker version 1.1.0.wildfly-017 [nodeID=f2522d75-8f87-11ea-af98-4be3ea746834] 
2020-05-06 12:54:26,004 INFO  [org.wildfly.extension.messaging-activemq] (ServerService Thread Pool -- 64) WFLYMSGAMQ0002: Bound messaging object to jndi name java:jboss/exported/jms/RemoteConnectionFactory
2020-05-06 12:54:26,053 INFO  [org.apache.activemq.artemis.core.server] (ServerService Thread Pool -- 69) AMQ221003: trying to deploy queue jms.queue.DLQ
2020-05-06 12:54:26,129 INFO  [org.wildfly.extension.messaging-activemq] (ServerService Thread Pool -- 66) WFLYMSGAMQ0002: Bound messaging object to jndi name java:/ConnectionFactory
2020-05-06 12:54:26,129 INFO  [org.apache.activemq.artemis.core.server] (ServerService Thread Pool -- 68) AMQ221003: trying to deploy queue jms.queue.ExpiryQueue
2020-05-06 12:54:26,134 INFO  [org.jboss.as.connector.deployment] (MSC service thread 1-8) WFLYJCA0007: Registered connection factory java:/JmsXA
2020-05-06 12:54:26,266 INFO  [org.apache.activemq.artemis.ra] (MSC service thread 1-8) Resource adaptor started
2020-05-06 12:54:26,266 INFO  [org.jboss.as.connector.services.resourceadapters.ResourceAdapterActivatorService$ResourceAdapterActivator] (MSC service thread 1-8) IJ020002: Deployed: file://RaActivatoractivemq-ra
2020-05-06 12:54:26,269 INFO  [org.jboss.as.connector.deployment] (MSC service thread 1-7) WFLYJCA0002: Bound JCA ConnectionFactory [java:/JmsXA]
2020-05-06 12:54:26,269 INFO  [org.wildfly.extension.messaging-activemq] (MSC service thread 1-2) WFLYMSGAMQ0002: Bound messaging object to jndi name java:jboss/DefaultJMSConnectionFactory
2020-05-06 12:54:26,275 INFO  [org.jboss.ws.common.management] (MSC service thread 1-1) JBWS022052: Starting JBossWS 5.1.5.Final (Apache CXF 3.1.6) 
2020-05-06 12:54:28,521 INFO  [org.wildfly.extension.undertow] (ServerService Thread Pool -- 68) WFLYUT0021: Registered web context: /cargocpc
2020-05-06 12:54:28,561 INFO  [org.jboss.as.server] (ServerService Thread Pool -- 37) WFLYSRV0010: Deployed "cargocpc.war" (runtime-name : "cargocpc.war")
2020-05-06 12:54:28,765 INFO  [org.jboss.as] (Controller Boot Thread) WFLYSRV0060: Http management interface listening on http://127.0.0.1:9990/management
2020-05-06 12:54:28,765 INFO  [org.jboss.as] (Controller Boot Thread) WFLYSRV0051: Admin console listening on http://127.0.0.1:9990
2020-05-06 12:54:28,765 INFO  [org.jboss.as] (Controller Boot Thread) WFLYSRV0025: WildFly Full 10.1.0.Final (WildFly Core 2.2.0.Final) started in 11729ms - Started 443 of 692 services (419 services are lazy, passive or on-demand)
2020-05-06 12:55:19,725 INFO  [org.jboss.as.repository] (management-handler-thread - 3) WFLYDR0001: Content added at location C:\Users\sukann\Assignment\target\cargo\configurations\wildfly10x\content\ce\9ded54f9980de9e2abfb3d92e0c7f7073ab543\content
2020-05-06 12:55:19,729 INFO  [org.jboss.as.server.deployment] (MSC service thread 1-7) WFLYSRV0027: Starting deployment of "ServiceLayer-0.0.1-SNAPSHOT.jar" (runtime-name: "ServiceLayer-0.0.1-SNAPSHOT.jar")
2020-05-06 12:55:20,086 INFO  [org.jboss.weld.deployer] (MSC service thread 1-1) WFLYWELD0003: Processing weld deployment ServiceLayer-0.0.1-SNAPSHOT.jar
2020-05-06 12:55:20,403 INFO  [org.hibernate.validator.internal.util.Version] (MSC service thread 1-1) HV000001: Hibernate Validator 5.2.4.Final
2020-05-06 12:55:21,001 INFO  [org.jboss.as.ejb3.deployment] (MSC service thread 1-1) WFLYEJB0473: JNDI bindings for session bean named 'CaloriesProcessor' in deployment unit 'deployment "ServiceLayer-0.0.1-SNAPSHOT.jar"' are as follows:

	java:global/ServiceLayer-0.0.1-SNAPSHOT/CaloriesProcessor!com.abn.backend.ejb.CaloriesProcessor
	java:app/ServiceLayer-0.0.1-SNAPSHOT/CaloriesProcessor!com.abn.backend.ejb.CaloriesProcessor
	java:module/CaloriesProcessor!com.abn.backend.ejb.CaloriesProcessor
	java:jboss/exported/ServiceLayer-0.0.1-SNAPSHOT/CaloriesProcessor!com.abn.backend.ejb.CaloriesProcessor
	java:global/ServiceLayer-0.0.1-SNAPSHOT/CaloriesProcessor
	java:app/ServiceLayer-0.0.1-SNAPSHOT/CaloriesProcessor
	java:module/CaloriesProcessor

2020-05-06 12:55:21,002 INFO  [org.jboss.as.ejb3.deployment] (MSC service thread 1-1) WFLYEJB0473: JNDI bindings for session bean named 'ProtiensProcessor' in deployment unit 'deployment "ServiceLayer-0.0.1-SNAPSHOT.jar"' are as follows:

	java:global/ServiceLayer-0.0.1-SNAPSHOT/ProtiensProcessor!com.abn.backend.ejb.ProtiensProcessor
	java:app/ServiceLayer-0.0.1-SNAPSHOT/ProtiensProcessor!com.abn.backend.ejb.ProtiensProcessor
	java:module/ProtiensProcessor!com.abn.backend.ejb.ProtiensProcessor
	java:jboss/exported/ServiceLayer-0.0.1-SNAPSHOT/ProtiensProcessor!com.abn.backend.ejb.ProtiensProcessor
	java:global/ServiceLayer-0.0.1-SNAPSHOT/ProtiensProcessor
	java:app/ServiceLayer-0.0.1-SNAPSHOT/ProtiensProcessor
	java:module/ProtiensProcessor

2020-05-06 12:55:21,320 INFO  [org.infinispan.configuration.cache.EvictionConfigurationBuilder] (ServerService Thread Pool -- 76) ISPN000152: Passivation configured without an eviction policy being selected. Only manually evicted entities will be passivated.
2020-05-06 12:55:21,325 INFO  [org.infinispan.configuration.cache.EvictionConfigurationBuilder] (ServerService Thread Pool -- 76) ISPN000152: Passivation configured without an eviction policy being selected. Only manually evicted entities will be passivated.
2020-05-06 12:55:21,673 INFO  [org.jboss.weld.Version] (MSC service thread 1-7) WELD-000900: 2.3.5 (Final)
2020-05-06 12:55:23,164 INFO  [org.jboss.as.clustering.infinispan] (ServerService Thread Pool -- 76) WFLYCLINF0002: Started client-mappings cache from ejb container
2020-05-06 12:55:24,585 INFO  [org.jboss.as.server] (management-handler-thread - 3) WFLYSRV0010: Deployed "ServiceLayer-0.0.1-SNAPSHOT.jar" (runtime-name : "ServiceLayer-0.0.1-SNAPSHOT.jar")
2020-05-06 12:56:21,093 INFO  [org.jboss.ejb.client] (pool-1-thread-1) JBoss EJB Client version 2.1.4.Final
2020-05-06 12:59:37,332 INFO  [stdout] (default task-54) totalCalories===================1010000.0
2020-05-06 12:59:37,339 INFO  [stdout] (default task-55) totalProtiens===================1010000.0
2020-05-06 13:01:54,822 INFO  [stdout] (default task-56) totalCalories===================1010000.0
2020-05-06 13:01:54,827 INFO  [stdout] (default task-57) totalProtiens===================1010000.0
2020-05-06 13:03:13,518 INFO  [stdout] (default task-58) totalCalories===================1200000.0
2020-05-06 13:03:13,520 INFO  [stdout] (default task-59) totalProtiens===================1200000.0
2020-05-06 13:03:21,792 INFO  [stdout] (default task-60) totalCalories===================1200000.0
2020-05-06 13:03:21,796 INFO  [stdout] (default task-61) totalProtiens===================1200000.0
